2017-03-02 07:28:26,636 - logger_bg - INFO - 



2017-03-02 07:28:26,636 - logger_bg - INFO - <<<<<<<<<<<<<<<<<<<<<<<<<<Big Generation Logging>>>>>>>>>>>>>>>>>>>>>>>>>>>>>>>>>
2017-03-02 07:28:26,636 - logger_bg - INFO - ---------------Big_LOOP :{}---------------
2017-03-02 07:28:26,636 - logger_bg - INFO - Radius :0.1
2017-03-02 07:28:26,636 - logger_bg - INFO - Tabu_list :[(12, 0.994, 34.956096969696965), (110, 0.943, 33.145735606060605), (13, 0.775, 28.16420454545455), (120, 0.695, 25.958250000000003), (59, 0.681, 26.791159090909105), (66, 0.633, 22.276599025974022), (95, 0.496, 16.743757575757574), (81, 0.423, 15.054954545454546), (100, 0.382, 11.813060606060603), (21, 0.286, 9.657266666666663), (38, 0.268, 8.251963636363636), (119, 0.265, 10.314924242424242), (28, 0.184, 7.196444444444445), (55, 0.117, 4.398136363636364), (53, 0.098, 2.7855757575757574), (18, 0.037, 1.4309469696969697), (6, -0.255, -9.296681818181817), (108, -0.328, -10.532444444444446), (8, -0.368, -0.368), (77, -0.368, -11.327709090909094), (65, -0.416, -0.416), (0, -0.452, -0.452), (39, -0.929, -0.929), (42, -0.929, -32.99357575757576)], len: 24
2017-03-02 07:28:26,636 - logger_bg - INFO - seed_list: [(12, 0.994, 34.956096969696965), (110, 0.943, 33.145735606060605), (13, 0.775, 28.16420454545455), (120, 0.695, 25.958250000000003), (59, 0.681, 26.791159090909105), (66, 0.633, 22.276599025974022), (95, 0.496, 16.743757575757574), (81, 0.423, 15.054954545454546), (100, 0.382, 11.813060606060603), (21, 0.286, 9.657266666666663), (38, 0.268, 8.251963636363636), (119, 0.265, 10.314924242424242), (28, 0.184, 7.196444444444445), (55, 0.117, 4.398136363636364), (53, 0.098, 2.7855757575757574), (18, 0.037, 1.4309469696969697), (6, -0.255, -9.296681818181817), (108, -0.328, -10.532444444444446), (8, -0.368, -0.368), (65, -0.416, -0.416), (0, -0.452, -0.452), (39, -0.929, -0.929)], len: 22
2017-03-02 07:28:26,636 - logger_bg - INFO - no_progress_generation: 0
2017-03-02 07:28:26,652 - logger_bg - INFO - highest fitness in this Big Generation, name: 12, fitness: 0.994
2017-03-02 07:28:26,652 - logger_bg - INFO - <<<<<<<<<<<<<<<<<<<<<<<<<<BG Logging END>>>>>>>>>>>>>>>>>>>>>>>>>>>>>>>>>>>>>>>>>
2017-03-02 07:28:27,949 - logger_bg - INFO - 



2017-03-02 07:28:27,949 - logger_bg - INFO - <<<<<<<<<<<<<<<<<<<<<<<<<<Big Generation Logging>>>>>>>>>>>>>>>>>>>>>>>>>>>>>>>>>
2017-03-02 07:28:27,949 - logger_bg - INFO - ---------------Big_LOOP :{}---------------
2017-03-02 07:28:27,949 - logger_bg - INFO - Radius :0.10500000000000001
2017-03-02 07:28:27,949 - logger_bg - INFO - Tabu_list :[(12, 0.994, 50.959496969696964), (174, 0.968, 44.15888888888889), (162, 0.957, 52.96125000000003), (177, 0.946, 48.53171111111112), (110, 0.943, 48.3385133838384), (13, 0.775, 37.81295454545455), (157, 0.758, 35.94757575757575), (167, 0.716, 36.52142424242424), (120, 0.695, 33.44880555555556), (59, 0.681, 36.04140909090911), (66, 0.633, 30.822099025974012), (192, 0.631, 36.655363636363646), (95, 0.496, 25.341090909090916), (181, 0.439, 22.53865909090909), (81, 0.423, 20.861133116883114), (133, 0.408, 17.57089090909091), (131, 0.396, 19.935000000000006), (100, 0.382, 16.26972727272727), (191, 0.349, 16.22283441558442), (21, 0.286, 13.256099999999993), (38, 0.268, 12.647163636363633), (119, 0.265, 12.434924242424241), (28, 0.184, 9.64977777777778), (55, 0.117, 5.616886363636365), (53, 0.098, 4.536509090909092), (18, 0.037, 1.7784386363636366), (178, -0.012, -0.49800000000000016), (172, -0.116, -4.455366666666668), (6, -0.255, -9.296681818181817), (153, -0.368, -11.327709090909094), (190, -0.45, -13.515000000000002), (189, -0.54, -22.58999999999999), (140, -0.929, -32.99357575757576)], len: 33
2017-03-02 07:28:27,949 - logger_bg - INFO - seed_list: [(162, 0.957, 52.96125000000003), (12, 0.994, 50.959496969696964), (174, 0.968, 44.15888888888889), (177, 0.946, 48.53171111111112), (110, 0.943, 48.3385133838384), (157, 0.758, 35.94757575757575), (167, 0.716, 36.52142424242424), (13, 0.775, 37.81295454545455), (59, 0.681, 36.04140909090911), (120, 0.695, 33.44880555555556), (192, 0.631, 36.655363636363646), (66, 0.633, 30.822099025974012), (95, 0.496, 25.341090909090916), (131, 0.396, 19.935000000000006), (181, 0.439, 22.53865909090909), (81, 0.423, 20.861133116883114), (133, 0.408, 17.57089090909091), (100, 0.382, 16.26972727272727), (191, 0.349, 16.22283441558442), (119, 0.265, 12.434924242424241), (21, 0.286, 13.256099999999993), (38, 0.268, 12.647163636363633), (28, 0.184, 9.64977777777778), (55, 0.117, 5.616886363636365), (53, 0.098, 4.536509090909092), (18, 0.037, 1.7784386363636366), (178, -0.012, -0.49800000000000016), (172, -0.116, -4.455366666666668), (6, -0.255, -9.296681818181817), (153, -0.368, -11.327709090909094), (190, -0.45, -13.515000000000002), (189, -0.54, -22.58999999999999), (140, -0.929, -32.99357575757576)], len: 33
2017-03-02 07:28:27,964 - logger_bg - INFO - no_progress_generation: 1
2017-03-02 07:28:27,964 - logger_bg - INFO - highest fitness in this Big Generation, name: 12, fitness: 0.994
2017-03-02 07:28:27,964 - logger_bg - INFO - <<<<<<<<<<<<<<<<<<<<<<<<<<BG Logging END>>>>>>>>>>>>>>>>>>>>>>>>>>>>>>>>>>>>>>>>>
2017-03-02 07:30:15,245 - logger_bg - INFO - 



2017-03-02 07:30:15,245 - logger_bg - INFO - <<<<<<<<<<<<<<<<<<<<<<<<<<Big Generation Logging>>>>>>>>>>>>>>>>>>>>>>>>>>>>>>>>>
2017-03-02 07:30:15,245 - logger_bg - INFO - ---------------Big_LOOP :{}---------------
2017-03-02 07:30:15,245 - logger_bg - INFO - Radius :0.1
2017-03-02 07:30:15,245 - logger_bg - INFO - Tabu_list :[(27, 0.062, 0.0064857142857142865), (181, 0.011, 0.0011392857142857144)], len: 2
2017-03-02 07:30:15,245 - logger_bg - INFO - seed_list: [(27, 0.062, 0.0064857142857142865), (181, 0.011, 0.0011392857142857144)], len: 2
2017-03-02 07:30:15,245 - logger_bg - INFO - no_progress_generation: 0
2017-03-02 07:30:15,245 - logger_bg - INFO - highest fitness in this Big Generation, name: 27, fitness: 0.062
2017-03-02 07:30:15,245 - logger_bg - INFO - <<<<<<<<<<<<<<<<<<<<<<<<<<BG Logging END>>>>>>>>>>>>>>>>>>>>>>>>>>>>>>>>>>>>>>>>>
2017-03-02 07:30:21,260 - logger_bg - INFO - 



2017-03-02 07:30:21,276 - logger_bg - INFO - <<<<<<<<<<<<<<<<<<<<<<<<<<Big Generation Logging>>>>>>>>>>>>>>>>>>>>>>>>>>>>>>>>>
2017-03-02 07:30:21,276 - logger_bg - INFO - ---------------Big_LOOP :{}---------------
2017-03-02 07:30:21,276 - logger_bg - INFO - Radius :0.10500000000000001
2017-03-02 07:30:21,276 - logger_bg - INFO - Tabu_list :[(27, 0.062, 0.0064857142857142865), (181, 0.011, 0.0011392857142857144)], len: 2
2017-03-02 07:30:21,276 - logger_bg - INFO - seed_list: [(27, 0.062, 0.0064857142857142865), (181, 0.011, 0.0011392857142857144)], len: 2
2017-03-02 07:30:21,276 - logger_bg - INFO - no_progress_generation: 1
2017-03-02 07:30:21,276 - logger_bg - INFO - highest fitness in this Big Generation, name: 27, fitness: 0.062
2017-03-02 07:30:21,276 - logger_bg - INFO - <<<<<<<<<<<<<<<<<<<<<<<<<<BG Logging END>>>>>>>>>>>>>>>>>>>>>>>>>>>>>>>>>>>>>>>>>
2017-03-02 07:34:19,904 - logger_bg - INFO - 



2017-03-02 07:34:19,904 - logger_bg - INFO - <<<<<<<<<<<<<<<<<<<<<<<<<<Big Generation Logging>>>>>>>>>>>>>>>>>>>>>>>>>>>>>>>>>
2017-03-02 07:34:19,904 - logger_bg - INFO - ---------------Big_LOOP :{}---------------
2017-03-02 07:34:19,904 - logger_bg - INFO - Radius :0.1
2017-03-02 07:34:19,904 - logger_bg - INFO - Tabu_list :[(228, 0.126, 0.0908233009708738), (70, 0.067, 0.276059123343527), (270, 0.056, 0.2522962962962963), (197, 0.02, 0.08209852216748768)], len: 4
2017-03-02 07:34:19,904 - logger_bg - INFO - seed_list: [(228, 0.126, 0.0908233009708738), (70, 0.067, 0.276059123343527), (270, 0.056, 0.2522962962962963), (197, 0.02, 0.08209852216748768)], len: 4
2017-03-02 07:34:19,920 - logger_bg - INFO - no_progress_generation: 0
2017-03-02 07:34:19,920 - logger_bg - INFO - highest fitness in this Big Generation, name: 228, fitness: 0.126
2017-03-02 07:34:19,920 - logger_bg - INFO - <<<<<<<<<<<<<<<<<<<<<<<<<<BG Logging END>>>>>>>>>>>>>>>>>>>>>>>>>>>>>>>>>>>>>>>>>
2017-03-02 07:34:31,892 - logger_bg - INFO - 



2017-03-02 07:34:31,894 - logger_bg - INFO - <<<<<<<<<<<<<<<<<<<<<<<<<<Big Generation Logging>>>>>>>>>>>>>>>>>>>>>>>>>>>>>>>>>
2017-03-02 07:34:31,895 - logger_bg - INFO - ---------------Big_LOOP :{}---------------
2017-03-02 07:34:31,896 - logger_bg - INFO - Radius :0.10500000000000001
2017-03-02 07:34:31,896 - logger_bg - INFO - Tabu_list :[(228, 0.126, 0.10132330097087379), (70, 0.067, 0.2766972185816223), (270, 0.056, 0.3642962962962963), (311, 0.055, 0.22555429732868756), (197, 0.02, 0.1220985221674877)], len: 5
2017-03-02 07:34:31,897 - logger_bg - INFO - seed_list: [(70, 0.067, 0.2766972185816223), (270, 0.056, 0.3642962962962963), (228, 0.126, 0.10132330097087379), (197, 0.02, 0.1220985221674877)], len: 4
2017-03-02 07:34:31,898 - logger_bg - INFO - no_progress_generation: 1
2017-03-02 07:34:31,899 - logger_bg - INFO - highest fitness in this Big Generation, name: 228, fitness: 0.126
2017-03-02 07:34:31,900 - logger_bg - INFO - <<<<<<<<<<<<<<<<<<<<<<<<<<BG Logging END>>>>>>>>>>>>>>>>>>>>>>>>>>>>>>>>>>>>>>>>>
2017-03-02 07:34:40,168 - logger_bg - INFO - 



2017-03-02 07:34:40,183 - logger_bg - INFO - <<<<<<<<<<<<<<<<<<<<<<<<<<Big Generation Logging>>>>>>>>>>>>>>>>>>>>>>>>>>>>>>>>>
2017-03-02 07:34:40,183 - logger_bg - INFO - ---------------Big_LOOP :{}---------------
2017-03-02 07:34:40,183 - logger_bg - INFO - Radius :0.11000000000000001
2017-03-02 07:34:40,183 - logger_bg - INFO - Tabu_list :[(228, 0.126, 0.34422330097087384), (70, 0.067, 0.2766972185816223), (335, 0.056, 0.23123418803418805), (270, 0.056, 0.3642962962962963), (452, 0.04, 0.3202702702702703)], len: 5
2017-03-02 07:34:40,183 - logger_bg - INFO - seed_list: [(270, 0.056, 0.3642962962962963), (452, 0.04, 0.3202702702702703), (70, 0.067, 0.2766972185816223), (228, 0.126, 0.34422330097087384)], len: 4
2017-03-02 07:34:40,183 - logger_bg - INFO - no_progress_generation: 2
2017-03-02 07:34:40,183 - logger_bg - INFO - highest fitness in this Big Generation, name: 228, fitness: 0.126
2017-03-02 07:34:40,183 - logger_bg - INFO - <<<<<<<<<<<<<<<<<<<<<<<<<<BG Logging END>>>>>>>>>>>>>>>>>>>>>>>>>>>>>>>>>>>>>>>>>
2017-03-02 07:34:52,699 - logger_bg - INFO - 



2017-03-02 07:34:52,699 - logger_bg - INFO - <<<<<<<<<<<<<<<<<<<<<<<<<<Big Generation Logging>>>>>>>>>>>>>>>>>>>>>>>>>>>>>>>>>
2017-03-02 07:34:52,699 - logger_bg - INFO - ---------------Big_LOOP :{}---------------
2017-03-02 07:34:52,699 - logger_bg - INFO - Radius :0.11500000000000002
2017-03-02 07:34:52,699 - logger_bg - INFO - Tabu_list :[(526, 0.089, 0.37449531249999995), (70, 0.067, 0.28201467889908255), (270, 0.056, 0.3362962962962963), (452, 0.04, 0.24027027027027026)], len: 4
2017-03-02 07:34:52,699 - logger_bg - INFO - seed_list: [(526, 0.089, 0.37449531249999995), (270, 0.056, 0.3362962962962963), (452, 0.04, 0.24027027027027026), (70, 0.067, 0.28201467889908255)], len: 4
2017-03-02 07:34:52,699 - logger_bg - INFO - no_progress_generation: 3
2017-03-02 07:34:52,699 - logger_bg - INFO - highest fitness in this Big Generation, name: 228, fitness: 0.126
2017-03-02 07:34:52,699 - logger_bg - INFO - <<<<<<<<<<<<<<<<<<<<<<<<<<BG Logging END>>>>>>>>>>>>>>>>>>>>>>>>>>>>>>>>>>>>>>>>>
2017-03-02 07:34:58,542 - logger_bg - INFO - 



2017-03-02 07:34:58,542 - logger_bg - INFO - <<<<<<<<<<<<<<<<<<<<<<<<<<Big Generation Logging>>>>>>>>>>>>>>>>>>>>>>>>>>>>>>>>>
2017-03-02 07:34:58,542 - logger_bg - INFO - ---------------Big_LOOP :{}---------------
2017-03-02 07:34:58,542 - logger_bg - INFO - Radius :0.12000000000000002
2017-03-02 07:34:58,542 - logger_bg - INFO - Tabu_list :[(464, 0.095, 0.38169658074175117), (545, 0.092, 0.36963200125865325), (578, 0.09, 0.3616055480896812), (413, 0.089, 0.35757706421891733), (270, 0.056, 0.5602962962962964), (452, 0.04, 0.4002702702702703)], len: 6
2017-03-02 07:34:58,542 - logger_bg - INFO - seed_list: [(464, 0.095, 0.38169658074175117), (270, 0.056, 0.5602962962962964), (452, 0.04, 0.4002702702702703)], len: 3
2017-03-02 07:34:58,542 - logger_bg - INFO - no_progress_generation: 4
2017-03-02 07:34:58,542 - logger_bg - INFO - highest fitness in this Big Generation, name: 228, fitness: 0.126
2017-03-02 07:34:58,542 - logger_bg - INFO - <<<<<<<<<<<<<<<<<<<<<<<<<<BG Logging END>>>>>>>>>>>>>>>>>>>>>>>>>>>>>>>>>>>>>>>>>
2017-03-02 07:35:04,708 - logger_bg - INFO - 



2017-03-02 07:35:04,724 - logger_bg - INFO - <<<<<<<<<<<<<<<<<<<<<<<<<<Big Generation Logging>>>>>>>>>>>>>>>>>>>>>>>>>>>>>>>>>
2017-03-02 07:35:04,724 - logger_bg - INFO - ---------------Big_LOOP :{}---------------
2017-03-02 07:35:04,724 - logger_bg - INFO - Radius :0.12500000000000003
2017-03-02 07:35:04,724 - logger_bg - INFO - Tabu_list :[(464, 0.095, 0.38131178109018316), (622, 0.094, 0.19320236728837875), (578, 0.09, 0.3612410010513537), (270, 0.056, 0.4482962962962963), (452, 0.04, 0.24193693693693696)], len: 5
2017-03-02 07:35:04,724 - logger_bg - INFO - seed_list: [(270, 0.056, 0.4482962962962963), (452, 0.04, 0.24193693693693696), (464, 0.095, 0.38131178109018316)], len: 3
2017-03-02 07:35:04,724 - logger_bg - INFO - no_progress_generation: 5
2017-03-02 07:35:04,724 - logger_bg - INFO - highest fitness in this Big Generation, name: 228, fitness: 0.126
2017-03-02 07:35:04,724 - logger_bg - INFO - <<<<<<<<<<<<<<<<<<<<<<<<<<BG Logging END>>>>>>>>>>>>>>>>>>>>>>>>>>>>>>>>>>>>>>>>>
2017-03-02 07:35:09,011 - logger_bg - INFO - 



2017-03-02 07:35:09,011 - logger_bg - INFO - <<<<<<<<<<<<<<<<<<<<<<<<<<Big Generation Logging>>>>>>>>>>>>>>>>>>>>>>>>>>>>>>>>>
2017-03-02 07:35:09,011 - logger_bg - INFO - ---------------Big_LOOP :{}---------------
2017-03-02 07:35:09,011 - logger_bg - INFO - Radius :0.13000000000000003
2017-03-02 07:35:09,011 - logger_bg - INFO - Tabu_list :[(464, 0.095, 0.3808426093455003), (545, 0.092, 0.3688160006293266), (270, 0.056, 0.3362962962962963), (452, 0.04, 0.24027027027027026)], len: 4
2017-03-02 07:35:09,011 - logger_bg - INFO - seed_list: [(270, 0.056, 0.3362962962962963), (464, 0.095, 0.3808426093455003), (452, 0.04, 0.24027027027027026)], len: 3
2017-03-02 07:35:09,011 - logger_bg - INFO - no_progress_generation: 6
2017-03-02 07:35:09,011 - logger_bg - INFO - highest fitness in this Big Generation, name: 228, fitness: 0.126
2017-03-02 07:35:09,011 - logger_bg - INFO - <<<<<<<<<<<<<<<<<<<<<<<<<<BG Logging END>>>>>>>>>>>>>>>>>>>>>>>>>>>>>>>>>>>>>>>>>
2017-03-02 07:35:14,075 - logger_bg - INFO - 



2017-03-02 07:35:14,075 - logger_bg - INFO - <<<<<<<<<<<<<<<<<<<<<<<<<<Big Generation Logging>>>>>>>>>>>>>>>>>>>>>>>>>>>>>>>>>
2017-03-02 07:35:14,075 - logger_bg - INFO - ---------------Big_LOOP :{}---------------
2017-03-02 07:35:14,075 - logger_bg - INFO - Radius :0.13500000000000004
2017-03-02 07:35:14,075 - logger_bg - INFO - Tabu_list :[(464, 0.095, 0.38083700440528634), (544, 0.092, 0.36880879511554215), (270, 0.056, 0.3362962962962963), (452, 0.04, 0.24027027027027026)], len: 4
2017-03-02 07:35:14,075 - logger_bg - INFO - seed_list: [(464, 0.095, 0.38083700440528634), (270, 0.056, 0.3362962962962963), (452, 0.04, 0.24027027027027026)], len: 3
2017-03-02 07:35:14,075 - logger_bg - INFO - no_progress_generation: 7
2017-03-02 07:35:14,075 - logger_bg - INFO - highest fitness in this Big Generation, name: 228, fitness: 0.126
2017-03-02 07:35:14,075 - logger_bg - INFO - <<<<<<<<<<<<<<<<<<<<<<<<<<BG Logging END>>>>>>>>>>>>>>>>>>>>>>>>>>>>>>>>>>>>>>>>>
2017-03-02 07:35:18,185 - logger_bg - INFO - 



2017-03-02 07:35:18,185 - logger_bg - INFO - <<<<<<<<<<<<<<<<<<<<<<<<<<Big Generation Logging>>>>>>>>>>>>>>>>>>>>>>>>>>>>>>>>>
2017-03-02 07:35:18,185 - logger_bg - INFO - ---------------Big_LOOP :{}---------------
2017-03-02 07:35:18,201 - logger_bg - INFO - Radius :0.14000000000000004
2017-03-02 07:35:18,201 - logger_bg - INFO - Tabu_list :[(464, 0.095, 0.38169658074175117), (545, 0.092, 0.36963200125865325), (578, 0.09, 0.3616055480896812), (413, 0.089, 0.35757706421891733), (270, 0.056, 0.5602962962962964), (452, 0.04, 0.4002702702702703)], len: 6
2017-03-02 07:35:18,201 - logger_bg - INFO - seed_list: [(464, 0.095, 0.38169658074175117), (270, 0.056, 0.5602962962962964), (452, 0.04, 0.4002702702702703)], len: 3
2017-03-02 07:35:18,201 - logger_bg - INFO - no_progress_generation: 8
2017-03-02 07:35:18,201 - logger_bg - INFO - highest fitness in this Big Generation, name: 228, fitness: 0.126
2017-03-02 07:35:18,201 - logger_bg - INFO - <<<<<<<<<<<<<<<<<<<<<<<<<<BG Logging END>>>>>>>>>>>>>>>>>>>>>>>>>>>>>>>>>>>>>>>>>
2017-03-02 07:35:33,324 - logger_bg - INFO - 



2017-03-02 07:35:33,340 - logger_bg - INFO - <<<<<<<<<<<<<<<<<<<<<<<<<<Big Generation Logging>>>>>>>>>>>>>>>>>>>>>>>>>>>>>>>>>
2017-03-02 07:35:33,340 - logger_bg - INFO - ---------------Big_LOOP :{}---------------
2017-03-02 07:35:33,340 - logger_bg - INFO - Radius :0.14500000000000005
2017-03-02 07:35:33,340 - logger_bg - INFO - Tabu_list :[(780, 0.098, 0.3933683718360147), (464, 0.095, 0.381287241372111), (544, 0.092, 0.36924481407288806), (270, 0.056, 0.4482962962962963), (452, 0.04, 0.3202702702702703)], len: 5
2017-03-02 07:35:33,340 - logger_bg - INFO - seed_list: [(270, 0.056, 0.4482962962962963), (452, 0.04, 0.3202702702702703), (780, 0.098, 0.3933683718360147)], len: 3
2017-03-02 07:35:33,340 - logger_bg - INFO - no_progress_generation: 9
2017-03-02 07:35:33,340 - logger_bg - INFO - highest fitness in this Big Generation, name: 732, fitness: 0.098
2017-03-02 07:35:33,340 - logger_bg - INFO - <<<<<<<<<<<<<<<<<<<<<<<<<<BG Logging END>>>>>>>>>>>>>>>>>>>>>>>>>>>>>>>>>>>>>>>>>
2017-03-02 07:49:15,778 - logger_bg - INFO - 



2017-03-02 07:49:15,778 - logger_bg - INFO - <<<<<<<<<<<<<<<<<<<<<<<<<<Big Generation Logging>>>>>>>>>>>>>>>>>>>>>>>>>>>>>>>>>
2017-03-02 07:49:15,778 - logger_bg - INFO - ---------------Big_LOOP :{}---------------
2017-03-02 07:49:15,778 - logger_bg - INFO - Radius :0.1
2017-03-02 07:49:15,778 - logger_bg - INFO - Tabu_list :[(220, 0.193, 3.4473476190476195), (233, 0.19, 2.8970476190476186), (239, 0.174, 2.6868700460829484), (195, 0.14, 2.34675), (269, 0.123, 1.9469630952380952), (105, 0.109, 2.03493984962406), (81, 0.1, 1.6655555555555555), (200, 0.083, 1.409566056910569), (248, 0.073, 0.9169455128205128), (88, 0.055, 0.41028802141011445), (42, 0.051, 0.051), (276, -0.088, -0.088)], len: 12
2017-03-02 07:49:15,778 - logger_bg - INFO - seed_list: [(220, 0.193, 3.4473476190476195), (233, 0.19, 2.8970476190476186), (239, 0.174, 2.6868700460829484), (195, 0.14, 2.34675), (269, 0.123, 1.9469630952380952), (105, 0.109, 2.03493984962406), (81, 0.1, 1.6655555555555555), (200, 0.083, 1.409566056910569), (248, 0.073, 0.9169455128205128), (88, 0.055, 0.41028802141011445), (42, 0.051, 0.051), (276, -0.088, -0.088)], len: 12
2017-03-02 07:49:15,794 - logger_bg - INFO - no_progress_generation: 0
2017-03-02 07:49:15,794 - logger_bg - INFO - highest fitness in this Big Generation, name: 220, fitness: 0.193
2017-03-02 07:49:15,794 - logger_bg - INFO - <<<<<<<<<<<<<<<<<<<<<<<<<<BG Logging END>>>>>>>>>>>>>>>>>>>>>>>>>>>>>>>>>>>>>>>>>
2017-03-02 07:49:30,231 - logger_bg - INFO - 



2017-03-02 07:49:30,231 - logger_bg - INFO - <<<<<<<<<<<<<<<<<<<<<<<<<<Big Generation Logging>>>>>>>>>>>>>>>>>>>>>>>>>>>>>>>>>
2017-03-02 07:49:30,231 - logger_bg - INFO - ---------------Big_LOOP :{}---------------
2017-03-02 07:49:30,231 - logger_bg - INFO - Radius :0.10500000000000001
2017-03-02 07:49:30,231 - logger_bg - INFO - Tabu_list :[(356, 0.213, 2.044594202898551), (220, 0.193, 2.418014285714286), (233, 0.19, 1.9196031746031745), (195, 0.14, 1.4834166666666668), (269, 0.123, 1.1952964285714285), (328, 0.109, 1.5293030303030304), (81, 0.1, 1.0555555555555556), (200, 0.083, 1.0256910569105693)], len: 8
2017-03-02 07:49:30,231 - logger_bg - INFO - seed_list: [(220, 0.193, 2.418014285714286), (356, 0.213, 2.044594202898551), (195, 0.14, 1.4834166666666668), (328, 0.109, 1.5293030303030304), (269, 0.123, 1.1952964285714285), (81, 0.1, 1.0555555555555556), (200, 0.083, 1.0256910569105693)], len: 7
2017-03-02 07:49:30,231 - logger_bg - INFO - no_progress_generation: 0
2017-03-02 07:49:30,231 - logger_bg - INFO - highest fitness in this Big Generation, name: 356, fitness: 0.213
2017-03-02 07:49:30,231 - logger_bg - INFO - <<<<<<<<<<<<<<<<<<<<<<<<<<BG Logging END>>>>>>>>>>>>>>>>>>>>>>>>>>>>>>>>>>>>>>>>>
